<?xml version="1.0" encoding="UTF-8"?>
<!-- Generated by org.testng.reporters.JUnitReportReporter -->
<testsuite skipped="0" hostname="Inside-PC" name="com.qa.cucumber.myRunner.MyRunner$TestRunner" tests="1" failures="0" timestamp="26 Nov 2019 18:59:01 GMT" time="0.257" errors="0">
  <testcase name="feature" time="0.257" classname="com.qa.cucumber.myRunner.MyRunner$TestRunner"/>
</testsuite> <!-- com.qa.cucumber.myRunner.MyRunner$TestRunner -->
